

Processing UsersController#create (for 127.0.0.1 at 2009-08-04 19:16:36) [POST]
  Parameters: {"user"=>{"password_confirmation"=>"1234", "username"=>"kane", "password"=>"12", "email"=>"123"}, "commit"=>"Register", "authenticity_token"=>"fwoDI0jg5T871A8vVtPkir9gZuh7/vdVdFEEFreCIzA="}
Rendering template within layouts/application
Rendering users/new
Completed in 39ms (View: 4 | 200 OK [http://localhost/users]


Processing ApplicationController#index (for 127.0.0.1 at 2009-08-04 19:16:36) [GET]

ActionController::RoutingError (No route matches "/javascripts/jquery-1.3.2.min.js" with {:method=>:get}):
  

Rendering rescues/layout (not_found)


Processing UsersController#create (for 127.0.0.1 at 2009-08-04 19:19:16) [POST]
  Parameters: {"user"=>{"password_confirmation"=>"1234", "username"=>"kane", "password"=>"12", "email"=>"123"}, "commit"=>"Register", "authenticity_token"=>"fwoDI0jg5T871A8vVtPkir9gZuh7/vdVdFEEFreCIzA="}
Rendering template within layouts/application
Rendering users/new
#<CouchRest::Validation::ValidationErrors:0x2519274 @errors={:validate_username_unique=>["Username has already been taken"], :validate_staged=>["Some validation errors while setting attribute values"], :password=>["Password must be between 3 and 40 characters long", "Password must match confirmation"], :emails=>["Email must have a valid format", "At least one valid email is required"]}>
Completed in 41ms (View: 7 | 200 OK [http://localhost/users]


Processing ApplicationController#index (for 127.0.0.1 at 2009-08-04 19:19:16) [GET]

ActionController::RoutingError (No route matches "/javascripts/jquery-1.3.2.min.js" with {:method=>:get}):
  

Rendering rescues/layout (not_found)


Processing UsersController#create (for 127.0.0.1 at 2009-08-04 19:22:57) [POST]
  Parameters: {"user"=>{"password_confirmation"=>"1234", "username"=>"kane", "password"=>"12", "email"=>"123"}, "commit"=>"Register", "authenticity_token"=>"fwoDI0jg5T871A8vVtPkir9gZuh7/vdVdFEEFreCIzA="}
Rendering template within layouts/application
Rendering users/new
#<CouchRest::Validation::ValidationErrors:0x2492ff8 @errors={:validate_username_unique=>["Username has already been taken"], :validate_staged=>[nil], :password=>["Password must be between 3 and 40 characters long", "Password must match confirmation"], :emails=>["Email must have a valid format", "At least one valid email is required"]}>
Completed in 57ms (View: 11 | 200 OK [http://localhost/users]


Processing ApplicationController#index (for 127.0.0.1 at 2009-08-04 19:22:57) [GET]

ActionController::RoutingError (No route matches "/javascripts/jquery-1.3.2.min.js" with {:method=>:get}):
  

Rendering rescues/layout (not_found)


Processing UsersController#create (for 127.0.0.1 at 2009-08-04 19:23:47) [POST]
  Parameters: {"user"=>{"password_confirmation"=>"", "username"=>"", "password"=>"", "email"=>""}, "commit"=>"Register", "authenticity_token"=>"R7f828p/4LGOeuKf3lMech8rlwmThrpGDeKSbG6h2E4="}
Rendering template within layouts/application
Rendering users/new
#<CouchRest::Validation::ValidationErrors:0x235e358 @errors={:username=>["Username must not be blank", "username must be alpha-numeric (hyphen allowed too), ranging from 3 to 30 characters"], :validate_staged=>[nil], :password=>["Password must be between 3 and 40 characters long"], :emails=>["Email must have a valid format", "At least one valid email is required"]}>
Completed in 35ms (View: 4 | 200 OK [http://localhost/users]


Processing ApplicationController#index (for 127.0.0.1 at 2009-08-04 19:23:47) [GET]

ActionController::RoutingError (No route matches "/javascripts/jquery-1.3.2.min.js" with {:method=>:get}):
  

Rendering rescues/layout (not_found)


Processing UsersController#create (for 127.0.0.1 at 2009-08-04 19:25:55) [POST]
  Parameters: {"user"=>{"password_confirmation"=>"1234", "username"=>"kane", "password"=>"12", "email"=>"123"}, "commit"=>"Register", "authenticity_token"=>"fwoDI0jg5T871A8vVtPkir9gZuh7/vdVdFEEFreCIzA="}
Rendering template within layouts/application
Rendering users/new
Completed in 91ms (View: 7 | 200 OK [http://localhost/users]


Processing ApplicationController#index (for 127.0.0.1 at 2009-08-04 19:25:55) [GET]

ActionController::RoutingError (No route matches "/javascripts/jquery-1.3.2.min.js" with {:method=>:get}):
  

Rendering rescues/layout (not_found)
